<?xml version="1.0" encoding="UTF-8"?>
<testsuites name="jest tests" tests="10" failures="0" errors="0" time="4.684">
  <testsuite name="undefined" errors="0" failures="0" skipped="0" timestamp="2022-10-09T04:46:23" time="4.003" tests="10">
    <testcase classname=" should display initial UI" name=" should display initial UI" time="0.156">
    </testcase>
    <testcase classname=" form validation - invalid" name=" form validation - invalid" time="0.127">
    </testcase>
    <testcase classname=" form validation - valid add btn" name=" form validation - valid add btn" time="0.111">
    </testcase>
    <testcase classname=" form validation - invalid submit" name=" form validation - invalid submit" time="0.136">
    </testcase>
    <testcase classname=" form validation - valid submit" name=" form validation - valid submit" time="0.163">
    </testcase>
    <testcase classname=" toggle view check" name=" toggle view check" time="0.064">
    </testcase>
    <testcase classname=" check form inputs" name=" check form inputs" time="0.191">
    </testcase>
    <testcase classname=" check view agenda" name=" check view agenda" time="0.031">
    </testcase>
    <testcase classname=" add and view the agenda" name=" add and view the agenda" time="0.262">
    </testcase>
    <testcase classname=" add and view the agenda - 2" name=" add and view the agenda - 2" time="0.51">
    </testcase>
  </testsuite>
</testsuites>